Target Sequence Name Position Target Position Query Kmer
STRG.3.3 406 0 GCTGTTGT
STRG.29.1 18 0 GCTGTTGT
STRG.48.1 8 0 GCTGTTGT
STRG.48.2 8 0 GCTGTTGT
STRG.4.1 226 1 CTGTTGTG
STRG.20.1 3433 2 TGTTGTGG
STRG.20.2 3433 2 TGTTGTGG
STRG.2.1 46 3 GTTGTGGC
STRG.2.2 46 3 GTTGTGGC
STRG.51.1 1409 3 GTTGTGGC
STRG.19.1 659 4 TTGTGGCC
STRG.20.3 719 4 TTGTGGCC
STRG.20.1 10437 4 TTGTGGCC
STRG.20.2 11022 4 TTGTGGCC
STRG.36.1 2675 4 TTGTGGCC
STRG.38.1 2042 4 TTGTGGCC
STRG.56.3 487 4 TTGTGGCC
STRG.23.3 181 5 TGTGGCCA
STRG.20.3 720 5 TGTGGCCA
STRG.20.1 9678 5 TGTGGCCA
STRG.20.1 10438 5 TGTGGCCA
STRG.20.2 10263 5 TGTGGCCA
STRG.20.2 11023 5 TGTGGCCA
STRG.33.1 3458 5 TGTGGCCA
STRG.38.1 669 5 TGTGGCCA
STRG.47.2 217 5 TGTGGCCA
STRG.47.1 217 5 TGTGGCCA
STRG.18.2 11740 6 GTGGCCAG
STRG.18.1 11794 6 GTGGCCAG
STRG.38.1 670 6 GTGGCCAG
STRG.48.1 1060 6 GTGGCCAG
STRG.48.2 1060 6 GTGGCCAG
STRG.18.2 13626 7 TGGCCAGG
STRG.18.1 13680 7 TGGCCAGG
STRG.35.1 1462 7 TGGCCAGG
STRG.18.2 13627 8 GGCCAGGA
STRG.18.2 15212 8 GGCCAGGA
STRG.18.1 13681 8 GGCCAGGA
STRG.18.1 15266 8 GGCCAGGA
STRG.36.1 481 8 GGCCAGGA
STRG.36.1 2225 8 GGCCAGGA
STRG.58.1 739 8 GGCCAGGA
STRG.59.1 3466 8 GGCCAGGA
STRG.59.2 4254 8 GGCCAGGA
STRG.18.2 13628 9 GCCAGGAT
STRG.18.1 13682 9 GCCAGGAT
STRG.23.3 631 9 GCCAGGAT
STRG.23.1 404 9 GCCAGGAT
STRG.23.2 404 9 GCCAGGAT
STRG.13.1 1941 9 GCCAGGAT
STRG.57.1 479 9 GCCAGGAT
STRG.57.2 479 9 GCCAGGAT
STRG.12.1 66 10 CCAGGATT
STRG.12.1 67 11 CAGGATTT
STRG.23.3 662 11 CAGGATTT
STRG.23.1 435 11 CAGGATTT
STRG.23.2 435 11 CAGGATTT
STRG.20.1 4211 11 CAGGATTT
STRG.20.2 4211 11 CAGGATTT
STRG.57.1 176 11 CAGGATTT
STRG.57.2 176 11 CAGGATTT
STRG.5.1 1647 12 AGGATTTG
STRG.12.1 68 12 AGGATTTG
STRG.20.1 4212 12 AGGATTTG
STRG.20.2 4212 12 AGGATTTG
STRG.24.1 1316 12 AGGATTTG
STRG.44.1 3214 12 AGGATTTG
STRG.44.2 3214 12 AGGATTTG
STRG.57.1 177 12 AGGATTTG
STRG.57.2 177 12 AGGATTTG
STRG.12.1 69 13 GGATTTGG
STRG.8.1 397 13 GGATTTGG
STRG.20.3 5286 13 GGATTTGG
STRG.20.3 7072 13 GGATTTGG
STRG.20.1 15004 13 GGATTTGG
STRG.20.1 16790 13 GGATTTGG
STRG.20.2 15589 13 GGATTTGG
STRG.20.2 17375 13 GGATTTGG
STRG.24.1 1317 13 GGATTTGG
STRG.5.1 3638 14 GATTTGGA
STRG.12.1 437 14 GATTTGGA
STRG.8.1 398 14 GATTTGGA
STRG.24.1 1318 14 GATTTGGA
STRG.13.2 2639 14 GATTTGGA
STRG.8.1 399 15 ATTTGGAT
STRG.24.1 1319 15 ATTTGGAT
STRG.13.2 2640 15 ATTTGGAT
STRG.3.1 159 16 TTTGGATT
STRG.5.1 2404 16 TTTGGATT
STRG.22.1 111 16 TTTGGATT
STRG.24.1 1320 16 TTTGGATT
STRG.28.1 646 16 TTTGGATT
STRG.31.1 1693 16 TTTGGATT
STRG.31.2 1693 16 TTTGGATT
STRG.31.3 603 16 TTTGGATT
STRG.33.1 125 16 TTTGGATT
STRG.33.2 125 16 TTTGGATT
STRG.15.1 871 16 TTTGGATT
STRG.58.1 30 16 TTTGGATT
STRG.57.1 2583 16 TTTGGATT
STRG.57.2 2583 16 TTTGGATT
STRG.22.1 112 17 TTGGATTT
STRG.24.1 1321 17 TTGGATTT
STRG.31.1 1694 17 TTGGATTT
STRG.31.2 1694 17 TTGGATTT
STRG.31.3 604 17 TTGGATTT
STRG.15.1 872 17 TTGGATTT
STRG.1.1 2062 18 TGGATTTG
STRG.20.3 5285 18 TGGATTTG
STRG.20.1 15003 18 TGGATTTG
STRG.20.2 15588 18 TGGATTTG
STRG.31.1 1695 18 TGGATTTG
STRG.31.2 1695 18 TGGATTTG
STRG.31.3 605 18 TGGATTTG
STRG.14.1 3114 18 TGGATTTG
STRG.1.1 2063 19 GGATTTGT
STRG.5.1 1648 19 GGATTTGT
STRG.5.1 3251 19 GGATTTGT
STRG.5.1 4558 19 GGATTTGT
STRG.57.1 178 19 GGATTTGT
STRG.57.2 178 19 GGATTTGT
STRG.59.3 1931 19 GGATTTGT
STRG.59.1 1931 19 GGATTTGT
STRG.59.2 2719 19 GGATTTGT
STRG.5.1 3252 20 GATTTGTT
STRG.11.1 24 20 GATTTGTT
STRG.38.1 2257 20 GATTTGTT
STRG.52.1 32 20 GATTTGTT
STRG.1.1 4676 21 ATTTGTTG
STRG.7.1 2134 21 ATTTGTTG
STRG.7.3 2009 21 ATTTGTTG
STRG.7.4 2009 21 ATTTGTTG
STRG.7.2 1982 21 ATTTGTTG
STRG.7.5 1938 21 ATTTGTTG
STRG.7.6 103 21 ATTTGTTG
STRG.7.6 2058 21 ATTTGTTG
STRG.11.1 25 21 ATTTGTTG
STRG.20.1 9308 21 ATTTGTTG
STRG.20.2 9308 21 ATTTGTTG
STRG.27.1 7 21 ATTTGTTG
STRG.31.1 3068 21 ATTTGTTG
STRG.31.2 3068 21 ATTTGTTG
STRG.31.2 4302 21 ATTTGTTG
STRG.31.3 1978 21 ATTTGTTG
STRG.31.3 3212 21 ATTTGTTG
STRG.45.1 28 21 ATTTGTTG
STRG.56.3 1356 21 ATTTGTTG
STRG.59.3 2150 21 ATTTGTTG
STRG.1.1 4677 22 TTTGTTGT
STRG.7.1 2135 22 TTTGTTGT
STRG.7.3 2010 22 TTTGTTGT
STRG.7.4 2010 22 TTTGTTGT
STRG.7.2 1983 22 TTTGTTGT
STRG.7.5 1939 22 TTTGTTGT
STRG.7.6 2059 22 TTTGTTGT
STRG.11.1 26 22 TTTGTTGT
STRG.10.3 1316 22 TTTGTTGT
STRG.10.2 1196 22 TTTGTTGT
STRG.20.3 7856 22 TTTGTTGT
STRG.20.1 9309 22 TTTGTTGT
STRG.20.1 17574 22 TTTGTTGT
STRG.20.2 9309 22 TTTGTTGT
STRG.20.2 18159 22 TTTGTTGT
STRG.31.1 3069 22 TTTGTTGT
STRG.31.2 3069 22 TTTGTTGT
STRG.31.2 4303 22 TTTGTTGT
STRG.31.3 1979 22 TTTGTTGT
STRG.31.3 3213 22 TTTGTTGT
STRG.33.1 235 22 TTTGTTGT
STRG.33.2 235 22 TTTGTTGT
STRG.56.3 1357 22 TTTGTTGT
STRG.11.1 27 23 TTGTTGTG
STRG.10.3 1317 23 TTGTTGTG
STRG.10.2 1197 23 TTGTTGTG
STRG.20.1 9310 23 TTGTTGTG
STRG.20.2 9310 23 TTGTTGTG
STRG.59.2 359 23 TTGTTGTG
STRG.4.1 201 24 TGTTGTGC
STRG.4.1 227 24 TGTTGTGC
STRG.10.3 1318 24 TGTTGTGC
STRG.10.2 1198 24 TGTTGTGC
STRG.14.1 4252 24 TGTTGTGC
STRG.1.1 896 25 GTTGTGCT
STRG.2.1 2645 25 GTTGTGCT
STRG.2.2 2645 25 GTTGTGCT
STRG.4.1 202 25 GTTGTGCT
STRG.5.1 6088 25 GTTGTGCT
STRG.5.1 6114 25 GTTGTGCT
STRG.26.2 224 25 GTTGTGCT
STRG.44.1 3099 25 GTTGTGCT
STRG.44.2 3099 25 GTTGTGCT
STRG.48.1 1712 25 GTTGTGCT
STRG.48.2 1712 25 GTTGTGCT
STRG.5.1 6115 26 TTGTGCTG
STRG.10.6 284 26 TTGTGCTG
STRG.10.1 38 26 TTGTGCTG
STRG.10.4 38 26 TTGTGCTG
STRG.26.2 225 26 TTGTGCTG
STRG.27.1 1271 26 TTGTGCTG
STRG.16.1 503 26 TTGTGCTG
STRG.16.2 503 26 TTGTGCTG
STRG.38.1 146 26 TTGTGCTG
STRG.53.2 1661 26 TTGTGCTG
STRG.1.1 786 27 TGTGCTGT
STRG.3.3 403 27 TGTGCTGT
STRG.7.1 735 27 TGTGCTGT
STRG.7.3 610 27 TGTGCTGT
STRG.7.2 583 27 TGTGCTGT
STRG.7.6 659 27 TGTGCTGT
STRG.26.1 1317 27 TGTGCTGT
STRG.26.2 2339 27 TGTGCTGT
STRG.16.1 504 27 TGTGCTGT
STRG.16.2 504 27 TGTGCTGT
STRG.48.1 87 27 TGTGCTGT
STRG.48.2 87 27 TGTGCTGT
STRG.13.1 1336 28 GTGCTGTG
STRG.6.1 653 29 TGCTGTGT
STRG.27.1 1862 29 TGCTGTGT
STRG.34.1 1842 29 TGCTGTGT
STRG.7.1 1412 31 CTGTGTTC
STRG.7.3 1287 31 CTGTGTTC
STRG.7.4 1287 31 CTGTGTTC
STRG.7.2 1260 31 CTGTGTTC
STRG.7.5 1216 31 CTGTGTTC
STRG.7.6 1336 31 CTGTGTTC
STRG.1.1 130 32 TGTGTTCT
STRG.1.1 3603 32 TGTGTTCT
STRG.7.1 933 32 TGTGTTCT
STRG.7.3 808 32 TGTGTTCT
STRG.7.4 808 32 TGTGTTCT
STRG.7.2 781 32 TGTGTTCT
STRG.7.5 737 32 TGTGTTCT
STRG.7.6 857 32 TGTGTTCT
STRG.27.1 1116 32 TGTGTTCT
STRG.4.1 1157 33 GTGTTCTG
STRG.7.1 934 33 GTGTTCTG
STRG.7.3 809 33 GTGTTCTG
STRG.7.4 809 33 GTGTTCTG
STRG.7.2 782 33 GTGTTCTG
STRG.7.5 738 33 GTGTTCTG
STRG.7.6 858 33 GTGTTCTG
STRG.18.2 14798 33 GTGTTCTG
STRG.18.1 14852 33 GTGTTCTG
STRG.4.1 1158 34 TGTTCTGC
STRG.11.1 269 34 TGTTCTGC
STRG.43.3 919 34 TGTTCTGC
STRG.43.1 890 34 TGTTCTGC
STRG.43.2 886 34 TGTTCTGC
STRG.4.1 2581 35 GTTCTGCT
STRG.5.1 1932 35 GTTCTGCT
STRG.26.1 719 35 GTTCTGCT
STRG.26.2 1741 35 GTTCTGCT
STRG.5.1 1933 36 TTCTGCTC
STRG.18.2 9999 36 TTCTGCTC
STRG.18.1 10053 36 TTCTGCTC
STRG.26.1 720 36 TTCTGCTC
STRG.26.2 1742 36 TTCTGCTC
STRG.26.1 721 37 TCTGCTCT
STRG.26.2 1743 37 TCTGCTCT
STRG.35.1 1091 37 TCTGCTCT
STRG.54.1 1011 37 TCTGCTCT
STRG.13.2 1974 38 CTGCTCTG
STRG.44.1 3562 38 CTGCTCTG
STRG.44.1 3737 38 CTGCTCTG
STRG.44.2 3562 38 CTGCTCTG
STRG.44.2 3737 38 CTGCTCTG
STRG.52.1 1803 38 CTGCTCTG
STRG.54.1 1012 38 CTGCTCTG
STRG.3.2 275 39 TGCTCTGT
STRG.31.1 1629 39 TGCTCTGT
STRG.31.2 1629 39 TGCTCTGT
STRG.31.3 539 39 TGCTCTGT
STRG.54.1 1013 39 TGCTCTGT
STRG.20.2 9826 41 CTCTGTTT
STRG.26.1 1994 41 CTCTGTTT
STRG.26.2 3016 41 CTCTGTTT
STRG.5.1 4463 42 TCTGTTTT
STRG.10.3 185 42 TCTGTTTT
STRG.10.2 65 42 TCTGTTTT
STRG.33.1 3398 42 TCTGTTTT
STRG.33.2 3215 42 TCTGTTTT
STRG.13.2 3216 42 TCTGTTTT
STRG.4.1 2237 43 CTGTTTTC
STRG.23.3 2100 43 CTGTTTTC
STRG.23.1 1873 43 CTGTTTTC
STRG.23.2 1873 43 CTGTTTTC
STRG.13.2 3217 43 CTGTTTTC
STRG.5.1 2364 44 TGTTTTCT
STRG.5.1 3941 44 TGTTTTCT
STRG.13.1 805 44 TGTTTTCT
STRG.59.2 858 44 TGTTTTCT
STRG.5.1 3942 45 GTTTTCTG
STRG.8.1 191 45 GTTTTCTG
STRG.46.1 38 45 GTTTTCTG
STRG.59.2 551 45 GTTTTCTG
STRG.59.2 664 45 GTTTTCTG
STRG.5.1 3943 46 TTTTCTGT
STRG.7.1 2213 46 TTTTCTGT
STRG.7.3 2088 46 TTTTCTGT
STRG.7.4 2088 46 TTTTCTGT
STRG.7.2 2061 46 TTTTCTGT
STRG.7.5 2017 46 TTTTCTGT
STRG.7.6 2137 46 TTTTCTGT
STRG.32.2 1006 46 TTTTCTGT
STRG.32.1 1006 46 TTTTCTGT
STRG.46.1 39 46 TTTTCTGT
STRG.18.2 12431 47 TTTCTGTT
STRG.18.1 12485 47 TTTCTGTT
STRG.28.1 854 47 TTTCTGTT
STRG.30.1 1988 47 TTTCTGTT
STRG.31.2 3746 47 TTTCTGTT
STRG.31.3 2656 47 TTTCTGTT
STRG.41.2 2261 47 TTTCTGTT
STRG.41.3 2200 47 TTTCTGTT
STRG.41.1 1989 47 TTTCTGTT
STRG.53.2 1953 47 TTTCTGTT
STRG.1.1 4308 48 TTCTGTTC
STRG.28.1 855 48 TTCTGTTC
STRG.37.1 475 48 TTCTGTTC
STRG.1.1 4309 49 TCTGTTCG
STRG.28.1 856 49 TCTGTTCG
STRG.16.1 449 49 TCTGTTCG
STRG.16.2 449 49 TCTGTTCG
STRG.35.1 695 49 TCTGTTCG
STRG.35.1 696 50 CTGTTCGG
STRG.9.2 2034 51 TGTTCGGT
STRG.9.3 2254 51 TGTTCGGT
STRG.35.1 697 51 TGTTCGGT
STRG.46.1 1006 51 TGTTCGGT
STRG.32.2 604 52 GTTCGGTG
STRG.32.1 604 52 GTTCGGTG
STRG.18.2 12783 53 TTCGGTGA
STRG.18.1 12837 53 TTCGGTGA
STRG.31.1 2658 53 TTCGGTGA
STRG.31.2 2658 53 TTCGGTGA
STRG.31.3 1568 53 TTCGGTGA
STRG.13.1 3180 53 TTCGGTGA
STRG.53.1 324 53 TTCGGTGA
STRG.53.2 324 53 TTCGGTGA
STRG.13.1 3181 54 TCGGTGAG
STRG.36.1 304 54 TCGGTGAG
STRG.53.1 325 54 TCGGTGAG
STRG.53.2 325 54 TCGGTGAG
STRG.18.2 2562 55 CGGTGAGC
STRG.18.1 2562 55 CGGTGAGC
STRG.36.1 305 55 CGGTGAGC
STRG.31.1 364 56 GGTGAGCT
STRG.31.2 364 56 GGTGAGCT
STRG.7.1 1926 58 TGAGCTTT
STRG.7.3 1801 58 TGAGCTTT
STRG.7.4 1801 58 TGAGCTTT
STRG.7.2 1774 58 TGAGCTTT
STRG.7.5 1730 58 TGAGCTTT
STRG.7.6 1850 58 TGAGCTTT
STRG.8.1 377 58 TGAGCTTT
STRG.30.1 508 58 TGAGCTTT
STRG.33.1 1965 58 TGAGCTTT
STRG.33.2 1782 58 TGAGCTTT
STRG.41.2 728 58 TGAGCTTT
STRG.41.3 667 58 TGAGCTTT
STRG.41.1 456 58 TGAGCTTT
STRG.56.1 1087 58 TGAGCTTT
STRG.56.2 1087 58 TGAGCTTT
STRG.56.3 2285 58 TGAGCTTT
STRG.3.2 366 59 GAGCTTTG
STRG.18.2 3878 59 GAGCTTTG
STRG.18.1 3932 59 GAGCTTTG
STRG.33.1 1966 59 GAGCTTTG
STRG.33.2 1783 59 GAGCTTTG
STRG.14.1 372 59 GAGCTTTG
STRG.56.1 1088 59 GAGCTTTG
STRG.56.2 1088 59 GAGCTTTG
STRG.56.3 2286 59 GAGCTTTG
STRG.23.3 2429 60 AGCTTTGC
STRG.23.1 2202 60 AGCTTTGC
STRG.23.2 2202 60 AGCTTTGC
STRG.31.1 2176 60 AGCTTTGC
STRG.31.2 2176 60 AGCTTTGC
STRG.31.3 1086 60 AGCTTTGC
STRG.14.1 373 60 AGCTTTGC
STRG.41.2 2024 60 AGCTTTGC
STRG.41.3 1963 60 AGCTTTGC
STRG.41.1 1752 60 AGCTTTGC
STRG.23.3 2430 61 GCTTTGCT
STRG.23.1 2203 61 GCTTTGCT
STRG.23.2 2203 61 GCTTTGCT
STRG.13.2 463 61 GCTTTGCT
STRG.27.1 1860 63 TTTGCTGT
STRG.14.1 769 63 TTTGCTGT
STRG.6.1 652 64 TTGCTGTG
STRG.27.1 1861 64 TTGCTGTG
STRG.5.1 4279 65 TGCTGTGG
STRG.20.3 2478 65 TGCTGTGG
STRG.20.1 12196 65 TGCTGTGG
STRG.20.2 9982 65 TGCTGTGG
STRG.20.2 12781 65 TGCTGTGG
STRG.21.2 718 65 TGCTGTGG
STRG.21.1 718 65 TGCTGTGG
STRG.5.1 1253 66 GCTGTGGA
STRG.12.1 1087 66 GCTGTGGA
STRG.20.2 9983 66 GCTGTGGA
STRG.21.2 719 66 GCTGTGGA
STRG.21.1 719 66 GCTGTGGA
STRG.34.1 637 66 GCTGTGGA
STRG.59.1 2425 66 GCTGTGGA
STRG.59.2 3213 66 GCTGTGGA
STRG.5.1 1254 67 CTGTGGAC
STRG.23.3 2064 67 CTGTGGAC
STRG.23.1 1837 67 CTGTGGAC
STRG.23.2 1837 67 CTGTGGAC
STRG.21.2 720 67 CTGTGGAC
STRG.21.1 720 67 CTGTGGAC
STRG.59.1 2426 67 CTGTGGAC
STRG.59.2 3214 67 CTGTGGAC
STRG.6.1 610 68 TGTGGACC
STRG.20.3 585 68 TGTGGACC
STRG.20.1 10303 68 TGTGGACC
STRG.20.2 10888 68 TGTGGACC
STRG.59.1 2427 68 TGTGGACC
STRG.59.2 3215 68 TGTGGACC
STRG.7.1 1178 69 GTGGACCA
STRG.7.3 1053 69 GTGGACCA
STRG.7.4 1053 69 GTGGACCA
STRG.7.2 1026 69 GTGGACCA
STRG.7.5 982 69 GTGGACCA
STRG.7.6 1102 69 GTGGACCA
STRG.33.1 1698 70 TGGACCAG
STRG.46.1 96 70 TGGACCAG
STRG.59.1 3350 70 TGGACCAG
STRG.59.2 4138 70 TGGACCAG
STRG.6.1 487 71 GGACCAGA
STRG.22.1 690 71 GGACCAGA
STRG.44.1 707 71 GGACCAGA
STRG.44.2 707 71 GGACCAGA
STRG.46.1 97 71 GGACCAGA
STRG.21.2 170 72 GACCAGAG
STRG.21.1 170 72 GACCAGAG
STRG.22.1 691 72 GACCAGAG
STRG.47.2 491 72 GACCAGAG
STRG.47.1 491 72 GACCAGAG
STRG.5.1 1666 73 ACCAGAGT
STRG.18.1 18034 73 ACCAGAGT
STRG.21.2 171 73 ACCAGAGT
STRG.21.1 171 73 ACCAGAGT
STRG.57.2 3093 74 CCAGAGTG
STRG.36.1 1522 75 CAGAGTGC
STRG.52.1 1530 75 CAGAGTGC
STRG.3.2 1293 76 AGAGTGCG
STRG.3.1 910 76 AGAGTGCG
STRG.3.3 1146 76 AGAGTGCG
STRG.20.3 103 76 AGAGTGCG
STRG.32.2 463 76 AGAGTGCG
STRG.32.1 463 76 AGAGTGCG
STRG.57.1 341 76 AGAGTGCG
STRG.57.2 341 76 AGAGTGCG
STRG.10.5 415 77 GAGTGCGC
STRG.10.6 627 77 GAGTGCGC
STRG.10.1 244 77 GAGTGCGC
STRG.10.4 381 77 GAGTGCGC
STRG.20.3 104 77 GAGTGCGC
STRG.13.2 280 77 GAGTGCGC
STRG.43.3 406 77 GAGTGCGC
STRG.43.1 377 77 GAGTGCGC
STRG.43.2 373 77 GAGTGCGC
STRG.48.1 79 77 GAGTGCGC
STRG.48.2 79 77 GAGTGCGC
STRG.27.1 370 78 AGTGCGCA
STRG.33.1 4411 78 AGTGCGCA
STRG.33.2 4225 78 AGTGCGCA
STRG.34.1 1345 78 AGTGCGCA
STRG.34.1 1346 79 GTGCGCAT
STRG.53.1 963 79 GTGCGCAT
STRG.53.2 963 79 GTGCGCAT
STRG.20.3 4367 81 GCGCATTT
STRG.20.3 6345 81 GCGCATTT
STRG.20.1 14085 81 GCGCATTT
STRG.20.1 16063 81 GCGCATTT
STRG.20.2 14670 81 GCGCATTT
STRG.20.2 16648 81 GCGCATTT
STRG.2.1 548 82 CGCATTTG
STRG.2.2 548 82 CGCATTTG
STRG.3.2 168 82 CGCATTTG
STRG.20.3 4368 82 CGCATTTG
STRG.20.1 14086 82 CGCATTTG
STRG.20.2 14671 82 CGCATTTG
STRG.55.1 602 82 CGCATTTG
STRG.18.2 2452 83 GCATTTGG
STRG.18.1 2452 83 GCATTTGG
STRG.13.1 188 83 GCATTTGG
STRG.13.2 2241 83 GCATTTGG
STRG.9.1 1457 84 CATTTGGT
STRG.9.2 1457 84 CATTTGGT
STRG.9.3 1677 84 CATTTGGT
STRG.2.1 448 85 ATTTGGTG
STRG.2.2 448 85 ATTTGGTG
STRG.12.1 71 85 ATTTGGTG
STRG.31.3 39 85 ATTTGGTG
STRG.44.1 1867 85 ATTTGGTG
STRG.44.2 1867 85 ATTTGGTG
STRG.2.1 449 86 TTTGGTGT
STRG.2.2 449 86 TTTGGTGT
STRG.34.1 343 86 TTTGGTGT
STRG.5.1 3935 87 TTGGTGTG
STRG.18.2 2637 88 TGGTGTGG
STRG.18.2 14190 88 TGGTGTGG
STRG.18.1 2637 88 TGGTGTGG
STRG.18.1 14244 88 TGGTGTGG
STRG.20.3 582 88 TGGTGTGG
STRG.20.1 10300 88 TGGTGTGG
STRG.20.2 10885 88 TGGTGTGG
STRG.42.2 891 88 TGGTGTGG
STRG.37.1 298 88 TGGTGTGG
STRG.44.1 2570 88 TGGTGTGG
STRG.44.2 2570 88 TGGTGTGG
STRG.10.3 958 89 GGTGTGGG
STRG.10.2 838 89 GGTGTGGG
STRG.28.1 678 90 GTGTGGGT
STRG.59.3 2235 90 GTGTGGGT
STRG.20.3 7412 93 TGGGTTTC
STRG.20.1 17130 93 TGGGTTTC
STRG.20.2 17715 93 TGGGTTTC
STRG.25.2 565 93 TGGGTTTC
STRG.25.1 464 93 TGGGTTTC
STRG.58.1 425 93 TGGGTTTC
STRG.7.1 711 94 GGGTTTCG
STRG.7.3 586 94 GGGTTTCG
STRG.7.4 586 94 GGGTTTCG
STRG.7.2 559 94 GGGTTTCG
STRG.7.5 515 94 GGGTTTCG
STRG.7.6 635 94 GGGTTTCG
STRG.44.1 3774 95 GGTTTCGG
STRG.44.2 3774 95 GGTTTCGG
STRG.18.2 12781 96 GTTTCGGT
STRG.18.1 12835 96 GTTTCGGT
STRG.1.1 4531 97 TTTCGGTT
STRG.32.2 56 97 TTTCGGTT
STRG.32.1 56 97 TTTCGGTT
STRG.59.2 546 97 TTTCGGTT
STRG.32.2 57 98 TTCGGTTT
STRG.32.1 57 98 TTCGGTTT
STRG.57.1 2218 98 TTCGGTTT
STRG.57.1 2552 98 TTCGGTTT
STRG.57.2 2218 98 TTCGGTTT
STRG.57.2 2552 98 TTCGGTTT
STRG.59.2 547 98 TTCGGTTT
STRG.33.1 2259 99 TCGGTTTG
STRG.33.2 2076 99 TCGGTTTG
STRG.57.1 2553 99 TCGGTTTG
STRG.57.2 2553 99 TCGGTTTG
STRG.18.2 2686 100 CGGTTTGG
STRG.18.1 2686 100 CGGTTTGG
STRG.57.1 2554 100 CGGTTTGG
STRG.57.2 2554 100 CGGTTTGG
STRG.18.2 12814 101 GGTTTGGC
STRG.18.1 12868 101 GGTTTGGC
STRG.44.1 1986 101 GGTTTGGC
STRG.44.2 1986 101 GGTTTGGC
STRG.60.1 248 101 GGTTTGGC
STRG.5.1 651 102 GTTTGGCT
STRG.20.3 5720 102 GTTTGGCT
STRG.20.1 15438 102 GTTTGGCT
STRG.20.2 16023 102 GTTTGGCT
STRG.31.2 3664 102 GTTTGGCT
STRG.31.3 2574 102 GTTTGGCT
STRG.4.1 1356 103 TTTGGCTG
STRG.20.3 5721 103 TTTGGCTG
STRG.20.1 15439 103 TTTGGCTG
STRG.20.2 16024 103 TTTGGCTG
STRG.26.1 1921 103 TTTGGCTG
STRG.26.2 2943 103 TTTGGCTG
STRG.14.1 1207 103 TTTGGCTG
STRG.58.1 940 103 TTTGGCTG
STRG.19.1 348 104 TTGGCTGG
STRG.20.3 5722 104 TTGGCTGG
STRG.20.1 15440 104 TTGGCTGG
STRG.20.2 16025 104 TTGGCTGG
STRG.26.1 1922 104 TTGGCTGG
STRG.26.2 2944 104 TTGGCTGG
STRG.15.1 455 104 TTGGCTGG
STRG.58.1 941 104 TTGGCTGG
STRG.20.3 5723 105 TGGCTGGC
STRG.20.1 15441 105 TGGCTGGC
STRG.20.2 16026 105 TGGCTGGC
STRG.41.2 1162 105 TGGCTGGC
STRG.41.3 1101 105 TGGCTGGC
STRG.41.1 890 105 TGGCTGGC
STRG.36.1 76 105 TGGCTGGC
STRG.20.3 5724 106 GGCTGGCT
STRG.20.1 15442 106 GGCTGGCT
STRG.20.2 16027 106 GGCTGGCT
STRG.51.1 274 106 GGCTGGCT
STRG.26.1 1116 107 GCTGGCTC
STRG.26.2 2138 107 GCTGGCTC
STRG.28.1 514 107 GCTGGCTC
STRG.59.3 834 107 GCTGGCTC
STRG.59.1 834 107 GCTGGCTC
STRG.59.2 1622 107 GCTGGCTC
STRG.36.1 1975 108 CTGGCTCC
STRG.52.1 1727 108 CTGGCTCC
STRG.59.3 835 108 CTGGCTCC
STRG.59.1 835 108 CTGGCTCC
STRG.59.2 1623 108 CTGGCTCC
STRG.20.3 2760 109 TGGCTCCT
STRG.20.3 4314 109 TGGCTCCT
STRG.20.1 12478 109 TGGCTCCT
STRG.20.1 14032 109 TGGCTCCT
STRG.20.2 13063 109 TGGCTCCT
STRG.20.2 14617 109 TGGCTCCT
STRG.60.1 1037 109 TGGCTCCT
STRG.6.1 841 110 GGCTCCTT
STRG.20.3 4315 110 GGCTCCTT
STRG.20.1 14033 110 GGCTCCTT
STRG.20.2 14618 110 GGCTCCTT
STRG.31.1 2388 110 GGCTCCTT
STRG.31.2 2388 110 GGCTCCTT
STRG.31.3 1298 110 GGCTCCTT
STRG.6.1 842 111 GCTCCTTT
STRG.26.1 1238 111 GCTCCTTT
STRG.26.2 2260 111 GCTCCTTT
STRG.59.3 608 111 GCTCCTTT
STRG.59.1 608 111 GCTCCTTT
STRG.59.2 1396 111 GCTCCTTT
STRG.5.1 6291 112 CTCCTTTG
STRG.18.2 1466 112 CTCCTTTG
STRG.18.2 8444 112 CTCCTTTG
STRG.18.1 1466 112 CTCCTTTG
STRG.18.1 8498 112 CTCCTTTG
STRG.20.1 7790 112 CTCCTTTG
STRG.20.2 7790 112 CTCCTTTG
STRG.3.1 156 113 TCCTTTGG
STRG.5.1 1379 113 TCCTTTGG
STRG.18.2 8445 113 TCCTTTGG
STRG.18.1 8499 113 TCCTTTGG
STRG.20.1 8645 113 TCCTTTGG
STRG.20.2 8645 113 TCCTTTGG
STRG.27.1 903 113 TCCTTTGG
STRG.44.1 3412 114 CCTTTGGC
STRG.44.2 3412 114 CCTTTGGC
STRG.55.1 748 114 CCTTTGGC
STRG.58.1 938 114 CCTTTGGC
STRG.48.1 1634 114 CCTTTGGC
STRG.48.2 1634 114 CCTTTGGC
STRG.48.1 1635 115 CTTTGGCC
STRG.48.2 1635 115 CTTTGGCC
STRG.18.2 372 116 TTTGGCCA
STRG.18.1 372 116 TTTGGCCA
STRG.32.2 162 116 TTTGGCCA
STRG.32.1 162 116 TTTGGCCA
STRG.13.1 191 116 TTTGGCCA
STRG.14.1 2311 116 TTTGGCCA
STRG.40.1 294 116 TTTGGCCA
STRG.44.1 1988 116 TTTGGCCA
STRG.44.2 1988 116 TTTGGCCA
STRG.54.1 126 116 TTTGGCCA
STRG.23.3 1015 117 TTGGCCAG
STRG.23.1 788 117 TTGGCCAG
STRG.23.2 788 117 TTGGCCAG
STRG.20.1 7911 117 TTGGCCAG
STRG.20.2 7911 117 TTGGCCAG
STRG.35.1 1461 117 TTGGCCAG
STRG.11.1 153 118 TGGCCAGC
STRG.18.2 11741 118 TGGCCAGC
STRG.18.1 11795 118 TGGCCAGC
STRG.20.3 5087 118 TGGCCAGC
STRG.20.1 14805 118 TGGCCAGC
STRG.20.2 15390 118 TGGCCAGC
STRG.40.1 516 118 TGGCCAGC
STRG.38.1 1532 118 TGGCCAGC
STRG.48.1 1061 118 TGGCCAGC
STRG.48.2 1061 118 TGGCCAGC
STRG.60.1 871 118 TGGCCAGC
STRG.18.2 11742 119 GGCCAGCT
STRG.18.1 11796 119 GGCCAGCT
STRG.49.2 611 119 GGCCAGCT
STRG.49.1 531 119 GGCCAGCT
STRG.12.1 113 120 GCCAGCTG
STRG.20.3 2874 120 GCCAGCTG
STRG.20.1 12592 120 GCCAGCTG
STRG.20.2 13177 120 GCCAGCTG
STRG.22.1 13 120 GCCAGCTG
STRG.31.1 977 120 GCCAGCTG
STRG.31.2 977 120 GCCAGCTG
STRG.44.1 2665 120 GCCAGCTG
STRG.44.2 2665 120 GCCAGCTG
STRG.46.1 778 120 GCCAGCTG
STRG.59.3 1616 120 GCCAGCTG
STRG.59.1 1616 120 GCCAGCTG
STRG.59.2 2404 120 GCCAGCTG
STRG.20.1 10117 121 CCAGCTGG
STRG.20.2 10702 121 CCAGCTGG
STRG.28.1 511 121 CCAGCTGG
STRG.13.1 2282 121 CCAGCTGG
STRG.13.2 904 121 CCAGCTGG
STRG.37.1 365 121 CCAGCTGG
STRG.36.1 474 121 CCAGCTGG
STRG.44.1 1419 121 CCAGCTGG
STRG.44.1 2666 121 CCAGCTGG
STRG.44.2 1419 121 CCAGCTGG
STRG.44.2 2666 121 CCAGCTGG
STRG.57.1 719 121 CCAGCTGG
STRG.57.2 719 121 CCAGCTGG
STRG.47.2 673 121 CCAGCTGG
STRG.47.1 673 121 CCAGCTGG
STRG.18.2 881 122 CAGCTGGA
STRG.18.2 9085 122 CAGCTGGA
STRG.18.2 10403 122 CAGCTGGA
STRG.18.1 881 122 CAGCTGGA
STRG.18.1 9139 122 CAGCTGGA
STRG.18.1 10457 122 CAGCTGGA
STRG.13.1 2283 122 CAGCTGGA
STRG.14.1 4514 122 CAGCTGGA
STRG.43.3 1217 122 CAGCTGGA
STRG.57.1 720 122 CAGCTGGA
STRG.57.2 720 122 CAGCTGGA
STRG.1.1 1579 123 AGCTGGAG
STRG.18.2 882 123 AGCTGGAG
STRG.18.2 1452 123 AGCTGGAG
STRG.18.2 9086 123 AGCTGGAG
STRG.18.2 10404 123 AGCTGGAG
STRG.18.1 882 123 AGCTGGAG
STRG.18.1 1452 123 AGCTGGAG
STRG.18.1 9140 123 AGCTGGAG
STRG.18.1 10458 123 AGCTGGAG
STRG.31.1 1173 123 AGCTGGAG
STRG.31.2 1173 123 AGCTGGAG
STRG.33.1 3771 123 AGCTGGAG
STRG.33.2 3606 123 AGCTGGAG
STRG.13.2 855 123 AGCTGGAG
STRG.57.1 721 123 AGCTGGAG
STRG.57.2 721 123 AGCTGGAG
STRG.18.2 883 124 GCTGGAGG
STRG.18.2 1453 124 GCTGGAGG
STRG.18.2 6841 124 GCTGGAGG
STRG.18.1 883 124 GCTGGAGG
STRG.18.1 1453 124 GCTGGAGG
STRG.18.1 6895 124 GCTGGAGG
STRG.20.3 5746 124 GCTGGAGG
STRG.20.1 9995 124 GCTGGAGG
STRG.20.1 15464 124 GCTGGAGG
STRG.20.2 10580 124 GCTGGAGG
STRG.20.2 16049 124 GCTGGAGG
STRG.22.1 649 124 GCTGGAGG
STRG.31.1 1764 124 GCTGGAGG
STRG.31.2 1764 124 GCTGGAGG
STRG.31.3 674 124 GCTGGAGG
STRG.33.1 1912 124 GCTGGAGG
STRG.33.2 1729 124 GCTGGAGG
STRG.13.1 101 124 GCTGGAGG
STRG.13.2 856 124 GCTGGAGG
STRG.41.2 702 124 GCTGGAGG
STRG.41.3 641 124 GCTGGAGG
STRG.41.1 430 124 GCTGGAGG
STRG.53.1 665 124 GCTGGAGG
STRG.53.2 665 124 GCTGGAGG
STRG.57.1 722 124 GCTGGAGG
STRG.57.2 722 124 GCTGGAGG
STRG.18.2 16654 125 CTGGAGGG
STRG.18.1 16708 125 CTGGAGGG
STRG.20.3 7128 125 CTGGAGGG
STRG.20.1 16846 125 CTGGAGGG
STRG.20.2 17431 125 CTGGAGGG
STRG.13.2 857 125 CTGGAGGG
STRG.16.1 273 125 CTGGAGGG
STRG.16.2 273 125 CTGGAGGG
STRG.20.3 7129 126 TGGAGGGC
STRG.20.1 16847 126 TGGAGGGC
STRG.20.2 17432 126 TGGAGGGC
STRG.27.1 1339 126 TGGAGGGC
STRG.16.1 274 126 TGGAGGGC
STRG.16.2 274 126 TGGAGGGC
STRG.47.2 558 126 TGGAGGGC
STRG.47.1 558 126 TGGAGGGC
STRG.3.2 521 127 GGAGGGCA
STRG.20.3 7130 127 GGAGGGCA
STRG.20.1 16848 127 GGAGGGCA
STRG.20.2 17433 127 GGAGGGCA
STRG.34.1 256 127 GGAGGGCA
STRG.16.1 275 127 GGAGGGCA
STRG.16.2 275 127 GGAGGGCA
STRG.40.1 441 127 GGAGGGCA
STRG.35.1 221 127 GGAGGGCA
STRG.35.1 572 127 GGAGGGCA
STRG.47.2 559 127 GGAGGGCA
STRG.47.1 559 127 GGAGGGCA
STRG.49.2 692 127 GGAGGGCA
STRG.49.1 612 127 GGAGGGCA
STRG.10.3 873 128 GAGGGCAT
STRG.10.2 753 128 GAGGGCAT
STRG.16.1 276 128 GAGGGCAT
STRG.16.2 276 128 GAGGGCAT
STRG.40.1 442 128 GAGGGCAT
STRG.40.1 1060 128 GAGGGCAT
STRG.40.2 73 128 GAGGGCAT
STRG.35.1 222 128 GAGGGCAT
STRG.38.1 1234 128 GAGGGCAT
STRG.10.3 874 129 AGGGCATT
STRG.10.2 754 129 AGGGCATT
STRG.30.1 850 129 AGGGCATT
STRG.10.3 875 130 GGGCATTC
STRG.10.2 755 130 GGGCATTC
STRG.27.1 186 130 GGGCATTC
STRG.56.1 1441 131 GGCATTCC
STRG.56.2 1441 131 GGCATTCC
STRG.56.3 2639 131 GGCATTCC
STRG.5.1 3723 132 GCATTCCT
STRG.53.1 990 132 GCATTCCT
STRG.53.2 990 132 GCATTCCT
STRG.5.1 3724 133 CATTCCTC
STRG.20.3 2256 133 CATTCCTC
STRG.20.1 11974 133 CATTCCTC
STRG.20.2 12559 133 CATTCCTC
STRG.27.1 2666 133 CATTCCTC
STRG.41.2 2600 133 CATTCCTC
STRG.41.3 2539 133 CATTCCTC
STRG.20.1 1698 134 ATTCCTCG
STRG.20.2 1698 134 ATTCCTCG
STRG.20.1 1699 135 TTCCTCGC
STRG.20.2 1699 135 TTCCTCGC
STRG.42.1 1382 135 TTCCTCGC
STRG.42.2 2584 135 TTCCTCGC
STRG.20.1 1700 136 TCCTCGCC
STRG.20.2 1700 136 TCCTCGCC
STRG.24.1 531 136 TCCTCGCC
STRG.26.1 530 136 TCCTCGCC
STRG.26.2 1552 136 TCCTCGCC
STRG.14.1 1058 136 TCCTCGCC
STRG.42.1 1383 136 TCCTCGCC
STRG.42.2 2585 136 TCCTCGCC
STRG.46.1 513 136 TCCTCGCC
STRG.56.3 440 138 CTCGCCAT
STRG.20.3 2651 139 TCGCCATT
STRG.20.1 12369 139 TCGCCATT
STRG.20.2 12954 139 TCGCCATT
STRG.53.1 267 139 TCGCCATT
STRG.53.2 267 139 TCGCCATT
STRG.43.3 411 140 CGCCATTC
STRG.43.1 382 140 CGCCATTC
STRG.43.2 378 140 CGCCATTC
STRG.14.1 1814 141 GCCATTCT
STRG.21.2 297 142 CCATTCTC
STRG.21.1 297 142 CCATTCTC
STRG.13.1 3411 142 CCATTCTC
STRG.59.3 2167 142 CCATTCTC
STRG.7.1 2084 143 CATTCTCA
STRG.7.3 1959 143 CATTCTCA
STRG.7.4 1959 143 CATTCTCA
STRG.7.2 1932 143 CATTCTCA
STRG.7.5 1888 143 CATTCTCA
STRG.7.6 2008 143 CATTCTCA
STRG.20.1 3031 143 CATTCTCA
STRG.20.2 3031 143 CATTCTCA
STRG.59.3 2168 143 CATTCTCA
STRG.1.1 161 144 ATTCTCAT
STRG.7.1 2085 144 ATTCTCAT
STRG.7.3 1960 144 ATTCTCAT
STRG.7.4 1960 144 ATTCTCAT
STRG.7.2 1933 144 ATTCTCAT
STRG.7.5 1889 144 ATTCTCAT
STRG.7.6 2009 144 ATTCTCAT
STRG.28.1 1253 145 TTCTCATA
STRG.26.2 19 147 CTCATAGG
STRG.29.1 205 148 TCATAGGT
STRG.59.3 1241 148 TCATAGGT
STRG.59.1 1241 148 TCATAGGT
STRG.59.2 2029 148 TCATAGGT
STRG.57.2 3044 149 CATAGGTG
STRG.20.3 4874 151 TAGGTGGC
STRG.20.1 14592 151 TAGGTGGC
STRG.20.2 15177 151 TAGGTGGC
STRG.33.2 3291 151 TAGGTGGC
STRG.9.1 227 153 GGTGGCTC
STRG.9.2 227 153 GGTGGCTC
STRG.9.3 447 153 GGTGGCTC
STRG.18.2 1017 153 GGTGGCTC
STRG.18.1 1017 153 GGTGGCTC
STRG.20.3 5737 153 GGTGGCTC
STRG.20.1 15455 153 GGTGGCTC
STRG.20.2 16040 153 GGTGGCTC
STRG.26.1 1584 153 GGTGGCTC
STRG.26.2 2606 153 GGTGGCTC
STRG.55.1 248 153 GGTGGCTC
STRG.47.2 502 153 GGTGGCTC
STRG.47.1 502 153 GGTGGCTC
STRG.18.2 189 154 GTGGCTCT
STRG.18.1 189 154 GTGGCTCT
STRG.20.3 5738 154 GTGGCTCT
STRG.20.1 15456 154 GTGGCTCT
STRG.20.2 16041 154 GTGGCTCT
STRG.26.1 1585 154 GTGGCTCT
STRG.26.2 2607 154 GTGGCTCT
STRG.55.1 249 154 GTGGCTCT
STRG.2.1 2458 155 TGGCTCTG
STRG.2.2 2458 155 TGGCTCTG
STRG.20.3 5739 155 TGGCTCTG
STRG.20.1 15457 155 TGGCTCTG
STRG.20.2 16042 155 TGGCTCTG
STRG.14.1 1572 155 TGGCTCTG
STRG.31.1 2185 156 GGCTCTGT
STRG.31.2 2185 156 GGCTCTGT
STRG.31.3 1095 156 GGCTCTGT
STRG.20.2 9826 158 CTCTGTTT
STRG.26.1 1994 158 CTCTGTTT
STRG.26.2 3016 158 CTCTGTTT
STRG.5.1 4463 159 TCTGTTTT
STRG.10.3 185 159 TCTGTTTT
STRG.10.2 65 159 TCTGTTTT
STRG.33.1 3398 159 TCTGTTTT
STRG.33.2 3215 159 TCTGTTTT
STRG.13.2 3216 159 TCTGTTTT
STRG.10.3 186 160 CTGTTTTT
STRG.10.2 66 160 CTGTTTTT
STRG.20.3 7505 160 CTGTTTTT
STRG.20.1 17223 160 CTGTTTTT
STRG.20.2 17808 160 CTGTTTTT
STRG.28.1 726 160 CTGTTTTT
STRG.14.1 1974 160 CTGTTTTT
STRG.46.1 702 160 CTGTTTTT
STRG.52.1 1538 160 CTGTTTTT
STRG.4.1 1054 161 TGTTTTTG
STRG.10.6 279 161 TGTTTTTG
STRG.10.1 33 161 TGTTTTTG
STRG.10.4 33 161 TGTTTTTG
STRG.18.2 5007 161 TGTTTTTG
STRG.18.1 5061 161 TGTTTTTG
STRG.22.1 1684 161 TGTTTTTG
STRG.14.1 1975 161 TGTTTTTG
STRG.14.1 3982 161 TGTTTTTG
STRG.52.1 1539 161 TGTTTTTG
STRG.53.1 1013 161 TGTTTTTG
STRG.53.2 1013 161 TGTTTTTG
STRG.4.1 1796 162 GTTTTTGC
STRG.10.5 542 163 TTTTTGCG
STRG.10.6 754 163 TTTTTGCG
STRG.10.1 371 163 TTTTTGCG
STRG.10.4 508 163 TTTTTGCG
STRG.28.1 730 163 TTTTTGCG
STRG.13.2 13 163 TTTTTGCG
STRG.52.1 924 163 TTTTTGCG
STRG.56.3 279 163 TTTTTGCG
STRG.13.2 14 164 TTTTGCGC
STRG.56.3 280 164 TTTTGCGC
STRG.2.1 552 165 TTTGCGCT
STRG.2.2 552 165 TTTGCGCT
STRG.4.1 831 165 TTTGCGCT
STRG.2.1 553 166 TTGCGCTG
STRG.2.2 553 166 TTGCGCTG
STRG.5.1 2100 166 TTGCGCTG
STRG.31.1 1798 166 TTGCGCTG
STRG.31.2 1798 166 TTGCGCTG
STRG.31.3 708 166 TTGCGCTG
STRG.2.1 554 167 TGCGCTGC
STRG.2.2 554 167 TGCGCTGC
STRG.5.1 2101 167 TGCGCTGC
STRG.20.1 502 167 TGCGCTGC
STRG.20.2 502 167 TGCGCTGC
STRG.2.1 555 168 GCGCTGCC
STRG.2.2 555 168 GCGCTGCC
STRG.5.1 2102 168 GCGCTGCC
STRG.7.1 1356 168 GCGCTGCC
STRG.7.3 1231 168 GCGCTGCC
STRG.7.4 1231 168 GCGCTGCC
STRG.7.2 1204 168 GCGCTGCC
STRG.7.5 1160 168 GCGCTGCC
STRG.7.6 1280 168 GCGCTGCC
STRG.20.2 10005 168 GCGCTGCC
STRG.59.2 378 168 GCGCTGCC
STRG.5.1 2103 169 CGCTGCCT
STRG.7.1 1357 169 CGCTGCCT
STRG.7.3 1232 169 CGCTGCCT
STRG.7.4 1232 169 CGCTGCCT
STRG.7.2 1205 169 CGCTGCCT
STRG.7.5 1161 169 CGCTGCCT
STRG.7.6 1281 169 CGCTGCCT
STRG.59.3 2465 169 CGCTGCCT
STRG.18.2 5434 170 GCTGCCTC
STRG.18.1 5488 170 GCTGCCTC
STRG.44.1 3221 170 GCTGCCTC
STRG.44.2 3221 170 GCTGCCTC
STRG.18.2 5435 171 CTGCCTCC
STRG.18.1 5489 171 CTGCCTCC
STRG.18.2 4241 172 TGCCTCCG
STRG.18.1 4295 172 TGCCTCCG
STRG.20.1 3819 172 TGCCTCCG
STRG.20.2 3819 172 TGCCTCCG
STRG.13.2 2379 172 TGCCTCCG
STRG.59.3 1609 172 TGCCTCCG
STRG.59.1 1609 172 TGCCTCCG
STRG.59.2 2397 172 TGCCTCCG
STRG.18.2 736 173 GCCTCCGC
STRG.18.2 4242 173 GCCTCCGC
STRG.18.1 736 173 GCCTCCGC
STRG.18.1 4296 173 GCCTCCGC
STRG.59.3 1610 173 GCCTCCGC
STRG.59.1 1610 173 GCCTCCGC
STRG.59.2 2398 173 GCCTCCGC
STRG.20.1 2243 174 CCTCCGCA
STRG.20.1 5667 174 CCTCCGCA
STRG.20.2 2243 174 CCTCCGCA
STRG.20.2 5667 174 CCTCCGCA
