                            OLS Regression Results                            
==============================================================================
Dep. Variable:                      y   R-squared:                       0.001
Model:                            OLS   Adj. R-squared:                  0.001
Method:                 Least Squares   F-statistic:                     45.90
Date:                Sun, 03 Sep 2017   Prob (F-statistic):           1.27e-11
Time:                        20:06:27   Log-Likelihood:                -74445.
No. Observations:               34718   AIC:                         1.489e+05
Df Residuals:                   34717   BIC:                         1.489e+05
Df Model:                           1                                         
Covariance Type:            nonrobust                                         
==============================================================================
                 coef    std err          t      P>|t|      [0.025      0.975]
------------------------------------------------------------------------------
x1            -0.0008      0.000     -6.775      0.000      -0.001      -0.001
==============================================================================
Omnibus:                    16943.239   Durbin-Watson:                   1.347
Prob(Omnibus):                  0.000   Jarque-Bera (JB):           151110.174
Skew:                           2.163   Prob(JB):                         0.00
Kurtosis:                      12.260   Cond. No.                         1.00
==============================================================================

Warnings:
[1] Standard Errors assume that the covariance matrix of the errors is correctly specified.
