Corresponding Matches From The Mapping File: 
P32234 128up                      128UP_DROME  P32234      FBgn0010339
P92177 14-3-3epsilon              1433E_DROME  P92177      FBgn0020238
P29310 14-3-3zeta                 1433Z_DROME  P29310      FBgn0004907
P81928 140up                      140U_DROME   P81928      FBgn0010340
P04283 17.6\env                   ENV17_DROME  P04283      FBgn0027624
P04282 17.6\gag                   GAG17_DROME  P04282      FBgn0044339
P04323 17.6\pol                   POL3_DROME   P04323      FBgn0014453
P20829 297\env                    ENV2_DROME   P20829      FBgn0027623
P20828 297\gag                    GAG2_DROME   P20828      FBgn0044338
P20825 297\pol                    POL2_DROME   P20825      FBgn0027622
P10394 412\ORF3                   POL4_DROME   P10394      FBgn0043847
P28285 5-HT1A                     5HT2A_DROME  P28285      FBgn0004168
P28286 5-HT1B                     5HT2B_DROME  P28286      FBgn0263116
P20905 5-HT7                      5HT1R_DROME  P20905      FBgn0004573
P54185 a5                         OBA5_DROME   P54185      FBgn0011294
O46341 a6                         A6_DROME     O46341      FBgn0023130
Q27377 a10                        OB10_DROME   Q27377      FBgn0011293
Q9V431 Aac11                      API5_DROME   Q9V431      FBgn0027885
Q9VM95 Aatf                       AATF_DROME   Q9VM95      FBgn0031851
Q9VLM8 Aats-ala                   SYAC_DROME   Q9VLM8      FBgn0027094
Q9Y105 Aats-gln                   SYQ_DROME    Q9Y105      FBgn0027090
Q9VFL5 Aats-met-m                 SYMM_DROME   Q9VFL5      FBgn0027083
Q9VSY6 aay                        SERB_DROME   Q9VSY6      FBgn0023129
Q24174 ab                         ABRU_DROME   Q24174      FBgn0264442
P29555 abd-A                      ABDA_DROME   P29555      FBgn0000014
P09087 Abd-B                      ABDB_DROME   P09087      FBgn0000015
P00522 Abl                        ABL_DROME    P00522      FBgn0000017
Q9VU84 Abp1                       DBNL_DROME   Q9VU84      FBgn0036372
Q9V3C0 abs                        DDX41_DROME  Q9V3C0      FBgn0015331
P10083 ac                         AST5_DROME   P10083      FBgn0000022
Q9VW60 Ac76E                      ADCY2_DROME  Q9VW60      FBgn0004852
P49258 Acam                       CALL_DROME   P49258      FBgn0011273
Q9VP61 AcCoAS                     ACSA_DROME   Q9VP61      FBgn0012034
P07140 Ace                        ACES_DROME   P07140      FBgn0000024
Q9VLJ6 Acer                       ACER_DROME   Q9VLJ6      FBgn0016122
P24350 acj6                       IPOU_DROME   P24350      FBgn0000028
Q26416 Acp1                       CUA1_DROME   Q26416      FBgn0014454
P10333 Acp26Aa                    MS2A_DROME   P10333      FBgn0002855
P10334 Acp26Ab                    MS2B_DROME   P10334      FBgn0002856
O46197 Acp29AB                    A29AB_DROME  O46197      FBgn0015583
O46203 Acp32CD                    A32CD_DROME  O46203      FBgn0023415
O46227 Acp33A                     A33A_DROME   O46227      FBgn0267327
Q9V3R1 Acp36DE                    A36DE_DROME  Q9V3R1      FBgn0011559
O46199 Acp53Ea                    A53E_DROME   O46199      FBgn0015584
O46202 Acp62F                     A62F_DROME   O46202      FBgn0020509
O46200 Acp63F                     A63F_DROME   O46200      FBgn0015585
Q9VVW1 Acp76A                     A76A_DROME   Q9VVW1      FBgn0015586
P16548 Acp95EF                    A95EF_DROME  P16548      FBgn0002863
O46201 Acp98AB                    A98AB_DROME  O46201      FBgn0263597
P10987 Act5C                      ACT1_DROME   P10987      FBgn0000042
P02572 Act42A                     ACT2_DROME   P02572      FBgn0000043
P53501 Act57B                     ACT3_DROME   P53501      FBgn0000044
P02574 Act79B                     ACT4_DROME   P02574      FBgn0000045
P10981 Act87E                     ACT5_DROME   P10981      FBgn0000046
P83967 Act88F                     ACT6_DROME   P83967      FBgn0000047
O61643 Actbeta                    INHB_DROME   O61643      FBgn0024913
P18091 Actn                       ACTN_DROME   P18091      FBgn0000667
P56544 Acyp                       ACYP1_DROME  P56544      FBgn0025115
Q9VF36 Acyp2                      ACYP2_DROME  Q9VF36      FBgn0038363
Q9VHH7 Ada                        ADAL_DROME   Q9VHH7      FBgn0037661
Q8I8V0 Ada2b                      TAD2B_DROME  Q8I8V0      FBgn0037555
Q7K550 Adam                       EIF3J_DROME  Q7K550      FBgn0027619
Q9NII1 Adar                       ADAR_DROME   Q9NII1      FBgn0026086
Q9V3R6 Adat1                      ADAT1_DROME  Q9V3R6      FBgn0028658
P35421 ade2                       PUR4_DROME   P35421      FBgn0000052
P00967 ade3                       PUR2_DROME   P00967      FBgn0000053
Q9I7S8 ade5                       PUR6_DROME   Q9I7S8      FBgn0020513
P05552 Adf1                       ADF1_DROME   P05552      FBgn0284249
P00334 Adh                        ADH_DROME    P00334      FBgn0000055
P91615 Adhr                       ADHR_DROME   P91615      FBgn0000056
Q6AWN0 Adi1                       MTND_DROME   Q6AWN0      FBgn0052068
Q9VCY8 AdipoR                     ADRL_DROME   Q9VCY8      FBgn0038984
Q9U915 Adk2                       KAD2_DROME   Q9U915      FBgn0283494
Q9V778 ADPS                       ADAS_DROME   Q9V778      FBgn0033983
Q9Y0Y2 AdSS                       PURA_DROME   Q9Y0Y2      FBgn0027493
P39413 Aef1                       AEF1_DROME   P39413      FBgn0005694
Q9UAS6 aft                        CMTR2_DROME  Q9UAS6      FBgn0026309
Q9VZF4 ago                        FBXW7_DROME  Q9VZF4      FBgn0041171
Q9VUQ5 AGO2                       AGO2_DROME   Q9VUQ5      FBgn0087035
Q7PLK0 AGO3                       AGO3_DROME   Q7PLK0      FBgn0250816
Q27580 Ahcy13                     SAHH_DROME   Q27580      FBgn0014455
P50245 Ahcy89E                    SAHH2_DROME  P50245      FBgn0015011
Q9VQ79 AIF                        AIFM1_DROME  Q9VQ79      FBgn0031392
Q9VUR3 AIMP2                      AIMP2_DROME  Q9VUR3      FBgn0036515
Q7JYV7 Ak6                        KAD6_DROME   Q7JYV7      FBgn0033754
P61855 Akh                        AKH_DROME    P61855      FBgn0004552
Q9VS59 akirin                     AKIRN_DROME  Q9VS59      FBgn0082598
Q8INB9 Akt1                       AKT1_DROME   Q8INB9      FBgn0010379
Q06453 al                         AL_DROME     Q06453      FBgn0000061
Q9VRJ1 AlaRS-m                    SYAM_DROME   Q9VRJ1      FBgn0028962
P07764 Ald                        ALF_DROME    P07764      FBgn0000064
Q8T8L8 Alg10                      ALG10_DROME  Q8T8L8      FBgn0052076
Q94899 alien                      CSN2_DROME   Q94899      FBgn0013746
P35220 alpha-Cat                  CTNA_DROME   P35220      FBgn0010215
P53624 alpha-Man-Ia               MA1A1_DROME  P53624      FBgn0259170
Q24451 alpha-Man-II               MAN2_DROME   Q24451      FBgn0011740
Q9W3J5 alpha-PheRS                SYFA_DROME   Q9W3J5      FBgn0030007
Q23983 alphaSnap                  SNAP_DROME   Q23983      FBgn0250791
P13395 alpha-Spec                 SPTCA_DROME  P13395      FBgn0250789
P04814 alphaTry                   TRYA_DROME   P04814      FBgn0003863
